<?xml version="1.0" encoding="UTF-8"?>
<!-- Generated by org.testng.reporters.JUnitXMLReporter -->
<testsuite ignored="0" hostname="LAPTOP-UD4AKBCC" failures="0" tests="3" name="Bhargav" time="37.065" errors="0" timestamp="2023-08-31T13:09:54 IST">
  <testcase classname="Bhargav.Assignment.W3SchoolsTest" name="testW3Schools" time="32.028"/>
  <testcase classname="Bhargav.Assignment.W3SchoolsTest" name="testW3Schools" time="2.461"/>
  <testcase classname="Bhargav.Assignment.GoogleSearchTest" name="testGoogleSearch" time="2.538"/>
</testsuite> <!-- Bhargav -->
